<?xml version="1.0" encoding="UTF-8"?>
<!-- Generated by org.testng.reporters.JUnitXMLReporter -->
<testsuite hostname="Dell-PC" ignored="0" name="functional test" tests="4" failures="0" timestamp="2020-01-09T17:38:30 CST" time="37.764" errors="0">
  <testcase name="productDDT" time="8.161" classname="testcases.AddProductTest"/>
  <testcase name="productDDT" time="7.578" classname="testcases.AddProductTest"/>
  <testcase name="productDDT" time="7.064" classname="testcases.AddProductTest"/>
  <testcase name="productDDT" time="7.374" classname="testcases.AddProductTest"/>
</testsuite> <!-- functional test -->
